<?xml version="1.0" encoding="UTF-8"?>
<!-- Generated by org.testng.reporters.JUnitXMLReporter -->
<testsuite ignored="3" hostname="Abi" failures="0" tests="1" name="Test" time="0.159" errors="0" timestamp="2022-11-17T20:32:24 IST">
  <testcase classname="edurekatwo.GroupExample" name="tc1" time="0.029"/>
  <testcase classname="edurekatwo.GroupExample" name="tc3" time="0.0">
    <ignored/>
  </testcase> <!-- tc3 -->
  <testcase classname="edurekatwo.GroupExample" name="tc4" time="0.0">
    <ignored/>
  </testcase> <!-- tc4 -->
  <testcase classname="edurekatwo.GroupExample" name="tc2" time="0.0">
    <ignored/>
  </testcase> <!-- tc2 -->
</testsuite> <!-- Test -->
