<?xml version="1.0" encoding="UTF-8"?>
<testng-results ignored="3" total="4" passed="1" failed="0" skipped="0">
  <reporter-output>
  </reporter-output>
  <suite started-at="2022-11-17T20:32:23 IST" name="Suite" finished-at="2022-11-17T20:32:24 IST" duration-ms="159">
    <groups>
      <group name="regression">
        <method signature="GroupExample.tc1()[pri:0, instance:edurekatwo.GroupExample@9225652]" name="tc1" class="edurekatwo.GroupExample"/>
      </group> <!-- regression -->
    </groups>
    <test started-at="2022-11-17T20:32:23 IST" name="Test" finished-at="2022-11-17T20:32:24 IST" duration-ms="159">
      <class name="edurekatwo.GroupExample">
        <test-method signature="tc1()[pri:0, instance:edurekatwo.GroupExample@9225652]" started-at="2022-11-17T20:32:24 IST" name="tc1" finished-at="2022-11-17T20:32:24 IST" duration-ms="29" status="PASS">
          <reporter-output>
          </reporter-output>
        </test-method> <!-- tc1 -->
      </class> <!-- edurekatwo.GroupExample -->
    </test> <!-- Test -->
  </suite> <!-- Suite -->
</testng-results>
